'\\wsl.localhost\Ubuntu-20.04\home\forwaryan\mianshi\rumor-checking'
ﾓﾃﾗｪｵｱﾇｰﾄｿﾂｼｵﾄﾒﾔﾉﾏﾂｷｾｶﾆｯﾁﾋ CMD.EXE｡｣
UNC ﾂｷｾｶｲｻﾊﾜﾖｧｳﾖ｡｣ﾄｬﾈﾏﾖｵﾉ靜ｪ Windows ﾄｿﾂｼ｡｣
 筧ｯ [Error: ENOENT: no such file or directory, open 'C:\Users\WarYan\AppData\Local\Temp\rumor-checking-live\frontend\.next\routes-manifest.json'] {
  errno: -4058,
  syscall: 'open',
  code: 'ENOENT',
  path: 'C:\\Users\\WarYan\\AppData\\Local\\Temp\\rumor-checking-live\\frontend\\.next\\routes-manifest.json',
  page: '/'
}
 筧ｯ [Error: ENOENT: no such file or directory, open 'C:\Users\WarYan\AppData\Local\Temp\rumor-checking-live\frontend\.next\routes-manifest.json'] {
  errno: -4058,
  syscall: 'open',
  code: 'ENOENT',
  path: 'C:\\Users\\WarYan\\AppData\\Local\\Temp\\rumor-checking-live\\frontend\\.next\\routes-manifest.json'
}
[Error: ENOENT: no such file or directory, open 'C:\Users\WarYan\AppData\Local\Temp\rumor-checking-live\frontend\.next\routes-manifest.json'] {
  errno: -4058,
  syscall: 'open',
  code: 'ENOENT',
  path: 'C:\\Users\\WarYan\\AppData\\Local\\Temp\\rumor-checking-live\\frontend\\.next\\routes-manifest.json',
  page: '/'
}
 筧ｯ [Error: ENOENT: no such file or directory, open 'C:\Users\WarYan\AppData\Local\Temp\rumor-checking-live\frontend\.next\server\pages-manifest.json'] {
  errno: -4058,
  syscall: 'open',
  code: 'ENOENT',
  path: 'C:\\Users\\WarYan\\AppData\\Local\\Temp\\rumor-checking-live\\frontend\\.next\\server\\pages-manifest.json'
}
[Error: ENOENT: no such file or directory, open 'C:\Users\WarYan\AppData\Local\Temp\rumor-checking-live\frontend\.next\routes-manifest.json'] {
  errno: -4058,
  syscall: 'open',
  code: 'ENOENT',
  path: 'C:\\Users\\WarYan\\AppData\\Local\\Temp\\rumor-checking-live\\frontend\\.next\\routes-manifest.json'
}
<w> [webpack.cache.PackFileCacheStrategy] Caching failed for pack: Error: ENOENT: no such file or directory, rename 'C:\Users\WarYan\AppData\Local\Temp\rumor-checking-live\frontend\.next\cache\webpack\client-development\0.pack.gz_' -> 'C:\Users\WarYan\AppData\Local\Temp\rumor-checking-live\frontend\.next\cache\webpack\client-development\0.pack.gz'
 筧ｯ [Error: ENOENT: no such file or directory, open 'C:\Users\WarYan\AppData\Local\Temp\rumor-checking-live\frontend\.next\routes-manifest.json'] {
  errno: -4058,
  syscall: 'open',
  code: 'ENOENT',
  path: 'C:\\Users\\WarYan\\AppData\\Local\\Temp\\rumor-checking-live\\frontend\\.next\\routes-manifest.json'
}
 筧ｯ [Error: ENOENT: no such file or directory, open 'C:\Users\WarYan\AppData\Local\Temp\rumor-checking-live\frontend\.next\routes-manifest.json'] {
  errno: -4058,
  syscall: 'open',
  code: 'ENOENT',
  path: 'C:\\Users\\WarYan\\AppData\\Local\\Temp\\rumor-checking-live\\frontend\\.next\\routes-manifest.json'
}
 筧ｯ [Error: ENOENT: no such file or directory, open 'C:\Users\WarYan\AppData\Local\Temp\rumor-checking-live\frontend\.next\server\pages\_document.js'] {
  errno: -4058,
  syscall: 'open',
  code: 'ENOENT',
  path: 'C:\\Users\\WarYan\\AppData\\Local\\Temp\\rumor-checking-live\\frontend\\.next\\server\\pages\\_document.js'
}
[Error: ENOENT: no such file or directory, open 'C:\Users\WarYan\AppData\Local\Temp\rumor-checking-live\frontend\.next\routes-manifest.json'] {
  errno: -4058,
  syscall: 'open',
  code: 'ENOENT',
  path: 'C:\\Users\\WarYan\\AppData\\Local\\Temp\\rumor-checking-live\\frontend\\.next\\routes-manifest.json'
}
 筧ｯ [Error: ENOENT: no such file or directory, open 'C:\Users\WarYan\AppData\Local\Temp\rumor-checking-live\frontend\.next\server\pages\_document.js'] {
  errno: -4058,
  syscall: 'open',
  code: 'ENOENT',
  path: 'C:\\Users\\WarYan\\AppData\\Local\\Temp\\rumor-checking-live\\frontend\\.next\\server\\pages\\_document.js'
}
[Error: ENOENT: no such file or directory, open 'C:\Users\WarYan\AppData\Local\Temp\rumor-checking-live\frontend\.next\routes-manifest.json'] {
  errno: -4058,
  syscall: 'open',
  code: 'ENOENT',
  path: 'C:\\Users\\WarYan\\AppData\\Local\\Temp\\rumor-checking-live\\frontend\\.next\\routes-manifest.json'
}
 笞 Cross origin request detected from 127.0.0.1 to /_next/* resource. In a future major version of Next.js, you will need to explicitly configure "allowedDevOrigins" in next.config to allow this.
Read more: https://nextjs.org/docs/app/api-reference/config/next-config-js/allowedDevOrigins
 笞 Found a change in next.config.ts. Restarting the server to apply the changes...
