Mirrored frontend to: C:\Users\WarYan\AppData\Local\Temp\rumor-checking-live\frontend
Mirrored contracts to: C:\Users\WarYan\AppData\Local\Temp\rumor-checking-live\contracts
Backend URL: http://127.0.0.1:8000
Frontend URL: http://127.0.0.1:3123

Starting Next.js from the Windows-local mirror to avoid WSL/UNC watcher issues...
   ▲ Next.js 15.5.12
   - Local:        http://localhost:3123
   - Network:      http://28.0.0.1:3123
   - Experiments (use with caution):
     ✓ externalDir

 ✓ Starting...
 ✓ Ready in 4.1s
 ○ Compiling / ...
 ✓ Compiled / in 6.8s (572 modules)
 GET / 200 in 7556ms
 GET / 200 in 141ms
 GET / 200 in 137ms
 GET / 200 in 216ms
 GET / 200 in 783ms
 GET / 200 in 645ms
 GET / 200 in 456ms
 GET / 200 in 332ms
 GET / 200 in 362ms
 GET / 200 in 137ms
 GET / 200 in 115ms
 GET / 200 in 249ms
 GET / 200 in 114ms
 GET / 200 in 112ms
[?25h
